# JRE version: Java(TM) SE Runtime Environment (8.0_181-b13) (build 1.8.0_181-b13)
# Java VM: Java HotSpot(TM) 64-Bit Server VM (25.181-b13 mixed mode windows-amd64 compressed oops)
Heap:
 PSYoungGen      total 197120K, used 38388K [0x00000000eab00000, 0x00000000fc280000, 0x0000000100000000)
  eden space 180736K, 12% used [0x00000000eab00000,0x00000000ec0818f8,0x00000000f5b80000)
  from space 16384K, 99% used [0x00000000f7480000,0x00000000f847b850,0x00000000f8480000)
  to   space 25600K, 0% used [0x00000000f5b80000,0x00000000f5b80000,0x00000000f7480000)
 ParOldGen       total 109568K, used 52767K [0x00000000c0000000, 0x00000000c6b00000, 0x00000000eab00000)
  object space 109568K, 48% used [0x00000000c0000000,0x00000000c3387e00,0x00000000c6b00000)
 Metaspace       used 74383K, capacity 76664K, committed 76952K, reserved 1116160K
  class space    used 9840K, capacity 10356K, committed 10408K, reserved 1048576K
GC Heap History (10 events):
Event: 39.863 GC heap before
{Heap before GC invocations=15 (full 2):
 PSYoungGen      total 145920K, used 140844K [0x00000000eab00000, 0x00000000f4680000, 0x0000000100000000)
  eden space 133120K, 100% used [0x00000000eab00000,0x00000000f2d00000,0x00000000f2d00000)
  from space 12800K, 60% used [0x00000000f3980000,0x00000000f410b2d0,0x00000000f4600000)
  to   space 12800K, 0% used [0x00000000f2d00000,0x00000000f2d00000,0x00000000f3980000)
 ParOldGen       total 69632K, used 27982K [0x00000000c0000000, 0x00000000c4400000, 0x00000000eab00000)
  object space 69632K, 40% used [0x00000000c0000000,0x00000000c1b53ac0,0x00000000c4400000)
 Metaspace       used 56432K, capacity 57790K, committed 58024K, reserved 1099776K
  class space    used 7826K, capacity 8246K, committed 8360K, reserved 1048576K
Event: 39.880 GC heap after
Heap after GC invocations=15 (full 2):
 PSYoungGen      total 145920K, used 12793K [0x00000000eab00000, 0x00000000f8480000, 0x0000000100000000)
  eden space 133120K, 0% used [0x00000000eab00000,0x00000000eab00000,0x00000000f2d00000)
  from space 12800K, 99% used [0x00000000f2d00000,0x00000000f397e608,0x00000000f3980000)
  to   space 16384K, 0% used [0x00000000f7480000,0x00000000f7480000,0x00000000f8480000)
 ParOldGen       total 69632K, used 33284K [0x00000000c0000000, 0x00000000c4400000, 0x00000000eab00000)
  object space 69632K, 47% used [0x00000000c0000000,0x00000000c2081198,0x00000000c4400000)
 Metaspace       used 56432K, capacity 57790K, committed 58024K, reserved 1099776K
  class space    used 7826K, capacity 8246K, committed 8360K, reserved 1048576K
}
Event: 40.215 GC heap before
{Heap before GC invocations=16 (full 2):
 PSYoungGen      total 145920K, used 54810K [0x00000000eab00000, 0x00000000f8480000, 0x0000000100000000)
  eden space 133120K, 31% used [0x00000000eab00000,0x00000000ed408390,0x00000000f2d00000)
  from space 12800K, 99% used [0x00000000f2d00000,0x00000000f397e608,0x00000000f3980000)
  to   space 16384K, 0% used [0x00000000f7480000,0x00000000f7480000,0x00000000f8480000)
 ParOldGen       total 69632K, used 33284K [0x00000000c0000000, 0x00000000c4400000, 0x00000000eab00000)
  object space 69632K, 47% used [0x00000000c0000000,0x00000000c2081198,0x00000000c4400000)
 Metaspace       used 57572K, capacity 59056K, committed 59160K, reserved 1099776K
  class space    used 8007K, capacity 8436K, committed 8488K, reserved 1048576K
Event: 40.225 GC heap after
Heap after GC invocations=16 (full 2):
 PSYoungGen      total 206848K, used 4203K [0x00000000eab00000, 0x00000000f8900000, 0x0000000100000000)
  eden space 190464K, 0% used [0x00000000eab00000,0x00000000eab00000,0x00000000f6500000)
  from space 16384K, 25% used [0x00000000f7480000,0x00000000f789ac90,0x00000000f8480000)
  to   space 15872K, 0% used [0x00000000f6500000,0x00000000f6500000,0x00000000f7480000)
 ParOldGen       total 69632K, used 41176K [0x00000000c0000000, 0x00000000c4400000, 0x00000000eab00000)
  object space 69632K, 59% used [0x00000000c0000000,0x00000000c2836208,0x00000000c4400000)
 Metaspace       used 57572K, capacity 59056K, committed 59160K, reserved 1099776K
  class space    used 8007K, capacity 8436K, committed 8488K, reserved 1048576K
}
Event: 40.225 GC heap before
{Heap before GC invocations=17 (full 3):
 PSYoungGen      total 206848K, used 4203K [0x00000000eab00000, 0x00000000f8900000, 0x0000000100000000)
  eden space 190464K, 0% used [0x00000000eab00000,0x00000000eab00000,0x00000000f6500000)
  from space 16384K, 25% used [0x00000000f7480000,0x00000000f789ac90,0x00000000f8480000)
  to   space 15872K, 0% used [0x00000000f6500000,0x00000000f6500000,0x00000000f7480000)
 ParOldGen       total 69632K, used 41176K [0x00000000c0000000, 0x00000000c4400000, 0x00000000eab00000)
  object space 69632K, 59% used [0x00000000c0000000,0x00000000c2836208,0x00000000c4400000)
 Metaspace       used 57572K, capacity 59056K, committed 59160K, reserved 1099776K
  class space    used 8007K, capacity 8436K, committed 8488K, reserved 1048576K
Event: 40.521 GC heap after
Heap after GC invocations=17 (full 3):
 PSYoungGen      total 206848K, used 0K [0x00000000eab00000, 0x00000000f8900000, 0x0000000100000000)
  eden space 190464K, 0% used [0x00000000eab00000,0x00000000eab00000,0x00000000f6500000)
  from space 16384K, 0% used [0x00000000f7480000,0x00000000f7480000,0x00000000f8480000)
  to   space 15872K, 0% used [0x00000000f6500000,0x00000000f6500000,0x00000000f7480000)
 ParOldGen       total 109568K, used 37187K [0x00000000c0000000, 0x00000000c6b00000, 0x00000000eab00000)
  object space 109568K, 33% used [0x00000000c0000000,0x00000000c2450d90,0x00000000c6b00000)
 Metaspace       used 57572K, capacity 59056K, committed 59160K, reserved 1099776K
  class space    used 8007K, capacity 8436K, committed 8488K, reserved 1048576K
}
Event: 96.222 GC heap before
{Heap before GC invocations=18 (full 3):
 PSYoungGen      total 206848K, used 190464K [0x00000000eab00000, 0x00000000f8900000, 0x0000000100000000)
  eden space 190464K, 100% used [0x00000000eab00000,0x00000000f6500000,0x00000000f6500000)
  from space 16384K, 0% used [0x00000000f7480000,0x00000000f7480000,0x00000000f8480000)
  to   space 15872K, 0% used [0x00000000f6500000,0x00000000f6500000,0x00000000f7480000)
 ParOldGen       total 109568K, used 37187K [0x00000000c0000000, 0x00000000c6b00000, 0x00000000eab00000)
  object space 109568K, 33% used [0x00000000c0000000,0x00000000c2450d90,0x00000000c6b00000)
 Metaspace       used 64482K, capacity 66336K, committed 66584K, reserved 1105920K
  class space    used 8741K, capacity 9216K, committed 9256K, reserved 1048576K
Event: 96.247 GC heap after
Heap after GC invocations=18 (full 3):
 PSYoungGen      total 206336K, used 15857K [0x00000000eab00000, 0x00000000f8900000, 0x0000000100000000)
  eden space 190464K, 0% used [0x00000000eab00000,0x00000000eab00000,0x00000000f6500000)
  from space 15872K, 99% used [0x00000000f6500000,0x00000000f747c518,0x00000000f7480000)
  to   space 16384K, 0% used [0x00000000f7480000,0x00000000f7480000,0x00000000f8480000)
 ParOldGen       total 109568K, used 40235K [0x00000000c0000000, 0x00000000c6b00000, 0x00000000eab00000)
  object space 109568K, 36% used [0x00000000c0000000,0x00000000c274af10,0x00000000c6b00000)
 Metaspace       used 64482K, capacity 66336K, committed 66584K, reserved 1105920K
  class space    used 8741K, capacity 9216K, committed 9256K, reserved 1048576K
}
Event: 318.129 GC heap before
{Heap before GC invocations=19 (full 3):
 PSYoungGen      total 206336K, used 206321K [0x00000000eab00000, 0x00000000f8900000, 0x0000000100000000)
  eden space 190464K, 100% used [0x00000000eab00000,0x00000000f6500000,0x00000000f6500000)
  from space 15872K, 99% used [0x00000000f6500000,0x00000000f747c518,0x00000000f7480000)
  to   space 16384K, 0% used [0x00000000f7480000,0x00000000f7480000,0x00000000f8480000)
 ParOldGen       total 109568K, used 40235K [0x00000000c0000000, 0x00000000c6b00000, 0x00000000eab00000)
  object space 109568K, 36% used [0x00000000c0000000,0x00000000c274af10,0x00000000c6b00000)
 Metaspace       used 73389K, capacity 75610K, committed 75800K, reserved 1114112K
  class space    used 9708K, capacity 10243K, committed 10280K, reserved 1048576K
Event: 318.154 GC heap after
Heap after GC invocations=19 (full 3):
 PSYoungGen      total 197120K, used 16366K [0x00000000eab00000, 0x00000000fc280000, 0x0000000100000000)
  eden space 180736K, 0% used [0x00000000eab00000,0x00000000eab00000,0x00000000f5b80000)
  from space 16384K, 99% used [0x00000000f7480000,0x00000000f847b850,0x00000000f8480000)
  to   space 25600K, 0% used [0x00000000f5b80000,0x00000000f5b80000,0x00000000f7480000)
 ParOldGen       total 109568K, used 52767K [0x00000000c0000000, 0x00000000c6b00000, 0x00000000eab00000)
  object space 109568K, 48% used [0x00000000c0000000,0x00000000c3387e00,0x00000000c6b00000)
 Metaspace       used 73389K, capacity 75610K, committed 75800K, reserved 1114112K
  class space    used 9708K, capacity 10243K, committed 10280K, reserved 1048576K
}

