# JRE version: Java(TM) SE Runtime Environment (8.0_181-b13) (build 1.8.0_181-b13)
# Java VM: Java HotSpot(TM) 64-Bit Server VM (25.181-b13 mixed mode windows-amd64 compressed oops)
Heap:
 PSYoungGen      total 223232K, used 42049K [0x00000000eab00000, 0x00000000f9f80000, 0x0000000100000000)
  eden space 213504K, 18% used [0x00000000eab00000,0x00000000ed140640,0x00000000f7b80000)
  from space 9728K, 29% used [0x00000000f9600000,0x00000000f98d0050,0x00000000f9f80000)
  to   space 18432K, 0% used [0x00000000f7b80000,0x00000000f7b80000,0x00000000f8d80000)
 ParOldGen       total 109056K, used 54651K [0x00000000c0000000, 0x00000000c6a80000, 0x00000000eab00000)
  object space 109056K, 50% used [0x00000000c0000000,0x00000000c355efa8,0x00000000c6a80000)
 Metaspace       used 73339K, capacity 76712K, committed 76824K, reserved 1116160K
  class space    used 9773K, capacity 10462K, committed 10536K, reserved 1048576K
GC Heap History (10 events):
Event: 40.373 GC heap before
{Heap before GC invocations=17 (full 3):
 PSYoungGen      total 201216K, used 4427K [0x00000000eab00000, 0x00000000f8680000, 0x0000000100000000)
  eden space 184832K, 0% used [0x00000000eab00000,0x00000000eab00000,0x00000000f5f80000)
  from space 16384K, 27% used [0x00000000f6f00000,0x00000000f7352c90,0x00000000f7f00000)
  to   space 15872K, 0% used [0x00000000f5f80000,0x00000000f5f80000,0x00000000f6f00000)
 ParOldGen       total 69632K, used 40320K [0x00000000c0000000, 0x00000000c4400000, 0x00000000eab00000)
  object space 69632K, 57% used [0x00000000c0000000,0x00000000c27600b8,0x00000000c4400000)
 Metaspace       used 57585K, capacity 59078K, committed 59160K, reserved 1099776K
  class space    used 8018K, capacity 8447K, committed 8488K, reserved 1048576K
Event: 40.712 GC heap after
Heap after GC invocations=17 (full 3):
 PSYoungGen      total 201216K, used 0K [0x00000000eab00000, 0x00000000f8680000, 0x0000000100000000)
  eden space 184832K, 0% used [0x00000000eab00000,0x00000000eab00000,0x00000000f5f80000)
  from space 16384K, 0% used [0x00000000f6f00000,0x00000000f6f00000,0x00000000f7f00000)
  to   space 15872K, 0% used [0x00000000f5f80000,0x00000000f5f80000,0x00000000f6f00000)
 ParOldGen       total 109056K, used 37033K [0x00000000c0000000, 0x00000000c6a80000, 0x00000000eab00000)
  object space 109056K, 33% used [0x00000000c0000000,0x00000000c242a460,0x00000000c6a80000)
 Metaspace       used 57585K, capacity 59078K, committed 59160K, reserved 1099776K
  class space    used 8018K, capacity 8447K, committed 8488K, reserved 1048576K
}
Event: 44.593 GC heap before
{Heap before GC invocations=18 (full 3):
 PSYoungGen      total 201216K, used 184832K [0x00000000eab00000, 0x00000000f8680000, 0x0000000100000000)
  eden space 184832K, 100% used [0x00000000eab00000,0x00000000f5f80000,0x00000000f5f80000)
  from space 16384K, 0% used [0x00000000f6f00000,0x00000000f6f00000,0x00000000f7f00000)
  to   space 15872K, 0% used [0x00000000f5f80000,0x00000000f5f80000,0x00000000f6f00000)
 ParOldGen       total 109056K, used 37033K [0x00000000c0000000, 0x00000000c6a80000, 0x00000000eab00000)
  object space 109056K, 33% used [0x00000000c0000000,0x00000000c242a460,0x00000000c6a80000)
 Metaspace       used 66713K, capacity 68582K, committed 68760K, reserved 1107968K
  class space    used 9298K, capacity 9783K, committed 9896K, reserved 1048576K
Event: 44.610 GC heap after
Heap after GC invocations=18 (full 3):
 PSYoungGen      total 200704K, used 15869K [0x00000000eab00000, 0x00000000fbb00000, 0x0000000100000000)
  eden space 184832K, 0% used [0x00000000eab00000,0x00000000eab00000,0x00000000f5f80000)
  from space 15872K, 99% used [0x00000000f5f80000,0x00000000f6eff4b8,0x00000000f6f00000)
  to   space 19968K, 0% used [0x00000000fa780000,0x00000000fa780000,0x00000000fbb00000)
 ParOldGen       total 109056K, used 41848K [0x00000000c0000000, 0x00000000c6a80000, 0x00000000eab00000)
  object space 109056K, 38% used [0x00000000c0000000,0x00000000c28de3e0,0x00000000c6a80000)
 Metaspace       used 66713K, capacity 68582K, committed 68760K, reserved 1107968K
  class space    used 9298K, capacity 9783K, committed 9896K, reserved 1048576K
}
Event: 1466.989 GC heap before
{Heap before GC invocations=19 (full 3):
 PSYoungGen      total 200704K, used 200701K [0x00000000eab00000, 0x00000000fbb00000, 0x0000000100000000)
  eden space 184832K, 100% used [0x00000000eab00000,0x00000000f5f80000,0x00000000f5f80000)
  from space 15872K, 99% used [0x00000000f5f80000,0x00000000f6eff4b8,0x00000000f6f00000)
  to   space 19968K, 0% used [0x00000000fa780000,0x00000000fa780000,0x00000000fbb00000)
 ParOldGen       total 109056K, used 41848K [0x00000000c0000000, 0x00000000c6a80000, 0x00000000eab00000)
  object space 109056K, 38% used [0x00000000c0000000,0x00000000c28de3e0,0x00000000c6a80000)
 Metaspace       used 70942K, capacity 73064K, committed 73112K, reserved 1112064K
  class space    used 9571K, capacity 10108K, committed 10152K, reserved 1048576K
Event: 1467.077 GC heap after
Heap after GC invocations=19 (full 3):
 PSYoungGen      total 241152K, used 5859K [0x00000000eab00000, 0x00000000fb200000, 0x0000000100000000)
  eden space 230400K, 0% used [0x00000000eab00000,0x00000000eab00000,0x00000000f8c00000)
  from space 10752K, 54% used [0x00000000fa780000,0x00000000fad38fc0,0x00000000fb200000)
  to   space 19456K, 0% used [0x00000000f8c00000,0x00000000f8c00000,0x00000000f9f00000)
 ParOldGen       total 109056K, used 54635K [0x00000000c0000000, 0x00000000c6a80000, 0x00000000eab00000)
  object space 109056K, 50% used [0x00000000c0000000,0x00000000c355afa8,0x00000000c6a80000)
 Metaspace       used 70942K, capacity 73064K, committed 73112K, reserved 1112064K
  class space    used 9571K, capacity 10108K, committed 10152K, reserved 1048576K
}
Event: 1765.187 GC heap before
{Heap before GC invocations=20 (full 3):
 PSYoungGen      total 241152K, used 236259K [0x00000000eab00000, 0x00000000fb200000, 0x0000000100000000)
  eden space 230400K, 100% used [0x00000000eab00000,0x00000000f8c00000,0x00000000f8c00000)
  from space 10752K, 54% used [0x00000000fa780000,0x00000000fad38fc0,0x00000000fb200000)
  to   space 19456K, 0% used [0x00000000f8c00000,0x00000000f8c00000,0x00000000f9f00000)
 ParOldGen       total 109056K, used 54635K [0x00000000c0000000, 0x00000000c6a80000, 0x00000000eab00000)
  object space 109056K, 50% used [0x00000000c0000000,0x00000000c355afa8,0x00000000c6a80000)
 Metaspace       used 72098K, capacity 74666K, committed 74776K, reserved 1114112K
  class space    used 9639K, capacity 10229K, committed 10280K, reserved 1048576K
Event: 1765.197 GC heap after
Heap after GC invocations=20 (full 3):
 PSYoungGen      total 228864K, used 7040K [0x00000000eab00000, 0x00000000fa880000, 0x0000000100000000)
  eden space 221696K, 0% used [0x00000000eab00000,0x00000000eab00000,0x00000000f8380000)
  from space 7168K, 98% used [0x00000000f8c00000,0x00000000f92e0040,0x00000000f9300000)
  to   space 18944K, 0% used [0x00000000f9600000,0x00000000f9600000,0x00000000fa880000)
 ParOldGen       total 109056K, used 54643K [0x00000000c0000000, 0x00000000c6a80000, 0x00000000eab00000)
  object space 109056K, 50% used [0x00000000c0000000,0x00000000c355cfa8,0x00000000c6a80000)
 Metaspace       used 72098K, capacity 74666K, committed 74776K, reserved 1114112K
  class space    used 9639K, capacity 10229K, committed 10280K, reserved 1048576K
}
Event: 2709.911 GC heap before
{Heap before GC invocations=21 (full 3):
 PSYoungGen      total 228864K, used 228736K [0x00000000eab00000, 0x00000000fa880000, 0x0000000100000000)
  eden space 221696K, 100% used [0x00000000eab00000,0x00000000f8380000,0x00000000f8380000)
  from space 7168K, 98% used [0x00000000f8c00000,0x00000000f92e0040,0x00000000f9300000)
  to   space 18944K, 0% used [0x00000000f9600000,0x00000000f9600000,0x00000000fa880000)
 ParOldGen       total 109056K, used 54643K [0x00000000c0000000, 0x00000000c6a80000, 0x00000000eab00000)
  object space 109056K, 50% used [0x00000000c0000000,0x00000000c355cfa8,0x00000000c6a80000)
 Metaspace       used 73214K, capacity 76580K, committed 76824K, reserved 1116160K
  class space    used 9772K, capacity 10462K, committed 10536K, reserved 1048576K
Event: 2709.940 GC heap after
Heap after GC invocations=21 (full 3):
 PSYoungGen      total 223232K, used 2880K [0x00000000eab00000, 0x00000000f9f80000, 0x0000000100000000)
  eden space 213504K, 0% used [0x00000000eab00000,0x00000000eab00000,0x00000000f7b80000)
  from space 9728K, 29% used [0x00000000f9600000,0x00000000f98d0050,0x00000000f9f80000)
  to   space 18432K, 0% used [0x00000000f7b80000,0x00000000f7b80000,0x00000000f8d80000)
 ParOldGen       total 109056K, used 54651K [0x00000000c0000000, 0x00000000c6a80000, 0x00000000eab00000)
  object space 109056K, 50% used [0x00000000c0000000,0x00000000c355efa8,0x00000000c6a80000)
 Metaspace       used 73214K, capacity 76580K, committed 76824K, reserved 1116160K
  class space    used 9772K, capacity 10462K, committed 10536K, reserved 1048576K
}

