# JRE version: Java(TM) SE Runtime Environment (8.0_181-b13) (build 1.8.0_181-b13)
# Java VM: Java HotSpot(TM) 64-Bit Server VM (25.181-b13 mixed mode windows-amd64 compressed oops)
Heap:
 PSYoungGen      total 253952K, used 207692K [0x00000000eab00000, 0x00000000fbf80000, 0x0000000100000000)
  eden space 242176K, 83% used [0x00000000eab00000,0x00000000f707db88,0x00000000f9780000)
  from space 11776K, 46% used [0x00000000fb400000,0x00000000fb955858,0x00000000fbf80000)
  to   space 20480K, 0% used [0x00000000f9780000,0x00000000f9780000,0x00000000fab80000)
 ParOldGen       total 104960K, used 55450K [0x00000000c0000000, 0x00000000c6680000, 0x00000000eab00000)
  object space 104960K, 52% used [0x00000000c0000000,0x00000000c36268e8,0x00000000c6680000)
 Metaspace       used 71979K, capacity 74476K, committed 74776K, reserved 1114112K
  class space    used 9627K, capacity 10192K, committed 10288K, reserved 1048576K
GC Heap History (10 events):
Event: 30.944 GC heap before
{Heap before GC invocations=15 (full 2):
 PSYoungGen      total 144896K, used 140683K [0x00000000eab00000, 0x00000000f4580000, 0x0000000100000000)
  eden space 132608K, 100% used [0x00000000eab00000,0x00000000f2c80000,0x00000000f2c80000)
  from space 12288K, 65% used [0x00000000f3980000,0x00000000f4162c80,0x00000000f4580000)
  to   space 12800K, 0% used [0x00000000f2c80000,0x00000000f2c80000,0x00000000f3900000)
 ParOldGen       total 68096K, used 27184K [0x00000000c0000000, 0x00000000c4280000, 0x00000000eab00000)
  object space 68096K, 39% used [0x00000000c0000000,0x00000000c1a8c358,0x00000000c4280000)
 Metaspace       used 56559K, capacity 57944K, committed 58288K, reserved 1099776K
  class space    used 7836K, capacity 8259K, committed 8368K, reserved 1048576K
Event: 30.957 GC heap after
Heap after GC invocations=15 (full 2):
 PSYoungGen      total 145408K, used 12772K [0x00000000eab00000, 0x00000000f8400000, 0x0000000100000000)
  eden space 132608K, 0% used [0x00000000eab00000,0x00000000eab00000,0x00000000f2c80000)
  from space 12800K, 99% used [0x00000000f2c80000,0x00000000f38f9128,0x00000000f3900000)
  to   space 16384K, 0% used [0x00000000f7400000,0x00000000f7400000,0x00000000f8400000)
 ParOldGen       total 68096K, used 32817K [0x00000000c0000000, 0x00000000c4280000, 0x00000000eab00000)
  object space 68096K, 48% used [0x00000000c0000000,0x00000000c200c4a8,0x00000000c4280000)
 Metaspace       used 56559K, capacity 57944K, committed 58288K, reserved 1099776K
  class space    used 7836K, capacity 8259K, committed 8368K, reserved 1048576K
}
Event: 31.164 GC heap before
{Heap before GC invocations=16 (full 2):
 PSYoungGen      total 145408K, used 42051K [0x00000000eab00000, 0x00000000f8400000, 0x0000000100000000)
  eden space 132608K, 22% used [0x00000000eab00000,0x00000000ec797c88,0x00000000f2c80000)
  from space 12800K, 99% used [0x00000000f2c80000,0x00000000f38f9128,0x00000000f3900000)
  to   space 16384K, 0% used [0x00000000f7400000,0x00000000f7400000,0x00000000f8400000)
 ParOldGen       total 68096K, used 32817K [0x00000000c0000000, 0x00000000c4280000, 0x00000000eab00000)
  object space 68096K, 48% used [0x00000000c0000000,0x00000000c200c4a8,0x00000000c4280000)
 Metaspace       used 57577K, capacity 59070K, committed 59160K, reserved 1099776K
  class space    used 7996K, capacity 8407K, committed 8496K, reserved 1048576K
Event: 31.172 GC heap after
Heap after GC invocations=16 (full 2):
 PSYoungGen      total 205824K, used 2699K [0x00000000eab00000, 0x00000000f8b80000, 0x0000000100000000)
  eden space 189440K, 0% used [0x00000000eab00000,0x00000000eab00000,0x00000000f6400000)
  from space 16384K, 16% used [0x00000000f7400000,0x00000000f76a2c90,0x00000000f8400000)
  to   space 16384K, 0% used [0x00000000f6400000,0x00000000f6400000,0x00000000f7400000)
 ParOldGen       total 68096K, used 40424K [0x00000000c0000000, 0x00000000c4280000, 0x00000000eab00000)
  object space 68096K, 59% used [0x00000000c0000000,0x00000000c277a0a0,0x00000000c4280000)
 Metaspace       used 57577K, capacity 59070K, committed 59160K, reserved 1099776K
  class space    used 7996K, capacity 8407K, committed 8496K, reserved 1048576K
}
Event: 31.172 GC heap before
{Heap before GC invocations=17 (full 3):
 PSYoungGen      total 205824K, used 2699K [0x00000000eab00000, 0x00000000f8b80000, 0x0000000100000000)
  eden space 189440K, 0% used [0x00000000eab00000,0x00000000eab00000,0x00000000f6400000)
  from space 16384K, 16% used [0x00000000f7400000,0x00000000f76a2c90,0x00000000f8400000)
  to   space 16384K, 0% used [0x00000000f6400000,0x00000000f6400000,0x00000000f7400000)
 ParOldGen       total 68096K, used 40424K [0x00000000c0000000, 0x00000000c4280000, 0x00000000eab00000)
  object space 68096K, 59% used [0x00000000c0000000,0x00000000c277a0a0,0x00000000c4280000)
 Metaspace       used 57577K, capacity 59070K, committed 59160K, reserved 1099776K
  class space    used 7996K, capacity 8407K, committed 8496K, reserved 1048576K
Event: 31.371 GC heap after
Heap after GC invocations=17 (full 3):
 PSYoungGen      total 205824K, used 0K [0x00000000eab00000, 0x00000000f8b80000, 0x0000000100000000)
  eden space 189440K, 0% used [0x00000000eab00000,0x00000000eab00000,0x00000000f6400000)
  from space 16384K, 0% used [0x00000000f7400000,0x00000000f7400000,0x00000000f8400000)
  to   space 16384K, 0% used [0x00000000f6400000,0x00000000f6400000,0x00000000f7400000)
 ParOldGen       total 104960K, used 35532K [0x00000000c0000000, 0x00000000c6680000, 0x00000000eab00000)
  object space 104960K, 33% used [0x00000000c0000000,0x00000000c22b32d8,0x00000000c6680000)
 Metaspace       used 57577K, capacity 59070K, committed 59160K, reserved 1099776K
  class space    used 7996K, capacity 8407K, committed 8496K, reserved 1048576K
}
Event: 35.290 GC heap before
{Heap before GC invocations=18 (full 3):
 PSYoungGen      total 205824K, used 189440K [0x00000000eab00000, 0x00000000f8b80000, 0x0000000100000000)
  eden space 189440K, 100% used [0x00000000eab00000,0x00000000f6400000,0x00000000f6400000)
  from space 16384K, 0% used [0x00000000f7400000,0x00000000f7400000,0x00000000f8400000)
  to   space 16384K, 0% used [0x00000000f6400000,0x00000000f6400000,0x00000000f7400000)
 ParOldGen       total 104960K, used 35532K [0x00000000c0000000, 0x00000000c6680000, 0x00000000eab00000)
  object space 104960K, 33% used [0x00000000c0000000,0x00000000c22b32d8,0x00000000c6680000)
 Metaspace       used 66559K, capacity 68454K, committed 68632K, reserved 1107968K
  class space    used 9242K, capacity 9723K, committed 9776K, reserved 1048576K
Event: 35.308 GC heap after
Heap after GC invocations=18 (full 3):
 PSYoungGen      total 205824K, used 16371K [0x00000000eab00000, 0x00000000fc880000, 0x0000000100000000)
  eden space 189440K, 0% used [0x00000000eab00000,0x00000000eab00000,0x00000000f6400000)
  from space 16384K, 99% used [0x00000000f6400000,0x00000000f73fcc98,0x00000000f7400000)
  to   space 20992K, 0% used [0x00000000fb400000,0x00000000fb400000,0x00000000fc880000)
 ParOldGen       total 104960K, used 41217K [0x00000000c0000000, 0x00000000c6680000, 0x00000000eab00000)
  object space 104960K, 39% used [0x00000000c0000000,0x00000000c28405f8,0x00000000c6680000)
 Metaspace       used 66559K, capacity 68454K, committed 68632K, reserved 1107968K
  class space    used 9242K, capacity 9723K, committed 9776K, reserved 1048576K
}
Event: 1262.940 GC heap before
{Heap before GC invocations=19 (full 3):
 PSYoungGen      total 205824K, used 205811K [0x00000000eab00000, 0x00000000fc880000, 0x0000000100000000)
  eden space 189440K, 100% used [0x00000000eab00000,0x00000000f6400000,0x00000000f6400000)
  from space 16384K, 99% used [0x00000000f6400000,0x00000000f73fcc98,0x00000000f7400000)
  to   space 20992K, 0% used [0x00000000fb400000,0x00000000fb400000,0x00000000fc880000)
 ParOldGen       total 104960K, used 41217K [0x00000000c0000000, 0x00000000c6680000, 0x00000000eab00000)
  object space 104960K, 39% used [0x00000000c0000000,0x00000000c28405f8,0x00000000c6680000)
 Metaspace       used 70949K, capacity 73100K, committed 73368K, reserved 1112064K
  class space    used 9559K, capacity 10076K, committed 10160K, reserved 1048576K
Event: 1262.963 GC heap after
Heap after GC invocations=19 (full 3):
 PSYoungGen      total 253952K, used 5462K [0x00000000eab00000, 0x00000000fbf80000, 0x0000000100000000)
  eden space 242176K, 0% used [0x00000000eab00000,0x00000000eab00000,0x00000000f9780000)
  from space 11776K, 46% used [0x00000000fb400000,0x00000000fb955858,0x00000000fbf80000)
  to   space 20480K, 0% used [0x00000000f9780000,0x00000000f9780000,0x00000000fab80000)
 ParOldGen       total 104960K, used 55450K [0x00000000c0000000, 0x00000000c6680000, 0x00000000eab00000)
  object space 104960K, 52% used [0x00000000c0000000,0x00000000c36268e8,0x00000000c6680000)
 Metaspace       used 70949K, capacity 73100K, committed 73368K, reserved 1112064K
  class space    used 9559K, capacity 10076K, committed 10160K, reserved 1048576K
}

