# JRE version: Java(TM) SE Runtime Environment (8.0_181-b13) (build 1.8.0_181-b13)
# Java VM: Java HotSpot(TM) 64-Bit Server VM (25.181-b13 mixed mode windows-amd64 compressed oops)
Heap:
 garbage-first heap   total 129024K, used 49152K [0x00000000c0000000, 0x00000000c01003f0, 0x0000000100000000)
  region size 1024K, 11 young (11264K), 2 survivors (2048K)
 Metaspace       used 36377K, capacity 38536K, committed 38652K, reserved 1083392K
  class space    used 4038K, capacity 4816K, committed 4860K, reserved 1048576K
GC Heap History (10 events):
Event: 22.753 GC heap before
{Heap before GC invocations=2 (full 0):
 garbage-first heap   total 129024K, used 35997K [0x00000000c0000000, 0x00000000c01003f0, 0x0000000100000000)
  region size 1024K, 24 young (24576K), 5 survivors (5120K)
 Metaspace       used 20199K, capacity 21160K, committed 21296K, reserved 1069056K
  class space    used 2101K, capacity 2421K, committed 2432K, reserved 1048576K
Event: 22.761 GC heap after
Heap after GC invocations=3 (full 0):
 garbage-first heap   total 129024K, used 22528K [0x00000000c0000000, 0x00000000c01003f0, 0x0000000100000000)
  region size 1024K, 8 young (8192K), 8 survivors (8192K)
 Metaspace       used 20199K, capacity 21160K, committed 21296K, reserved 1069056K
  class space    used 2101K, capacity 2421K, committed 2432K, reserved 1048576K
}
Event: 26.530 GC heap before
{Heap before GC invocations=4 (full 0):
 garbage-first heap   total 129024K, used 86016K [0x00000000c0000000, 0x00000000c01003f0, 0x0000000100000000)
  region size 1024K, 75 young (76800K), 8 survivors (8192K)
 Metaspace       used 26213K, capacity 27482K, committed 27648K, reserved 1073152K
  class space    used 2852K, capacity 3279K, committed 3328K, reserved 1048576K
Event: 26.554 GC heap after
Heap after GC invocations=5 (full 0):
 garbage-first heap   total 129024K, used 27261K [0x00000000c0000000, 0x00000000c01003f0, 0x0000000100000000)
  region size 1024K, 10 young (10240K), 10 survivors (10240K)
 Metaspace       used 26213K, capacity 27482K, committed 27648K, reserved 1073152K
  class space    used 2852K, capacity 3279K, committed 3328K, reserved 1048576K
}
Event: 28.438 GC heap before
{Heap before GC invocations=5 (full 0):
 garbage-first heap   total 129024K, used 67197K [0x00000000c0000000, 0x00000000c01003f0, 0x0000000100000000)
  region size 1024K, 50 young (51200K), 10 survivors (10240K)
 Metaspace       used 33443K, capacity 35534K, committed 35708K, reserved 1081344K
  class space    used 3708K, capacity 4360K, committed 4476K, reserved 1048576K
Event: 28.454 GC heap after
Heap after GC invocations=6 (full 0):
 garbage-first heap   total 129024K, used 39936K [0x00000000c0000000, 0x00000000c01003f0, 0x0000000100000000)
  region size 1024K, 10 young (10240K), 10 survivors (10240K)
 Metaspace       used 33443K, capacity 35534K, committed 35708K, reserved 1081344K
  class space    used 3708K, capacity 4360K, committed 4476K, reserved 1048576K
}
Event: 33.573 GC heap before
{Heap before GC invocations=7 (full 0):
 garbage-first heap   total 129024K, used 96256K [0x00000000c0000000, 0x00000000c01003f0, 0x0000000100000000)
  region size 1024K, 74 young (75776K), 10 survivors (10240K)
 Metaspace       used 36376K, capacity 38536K, committed 38652K, reserved 1083392K
  class space    used 4038K, capacity 4816K, committed 4860K, reserved 1048576K
Event: 33.590 GC heap after
Heap after GC invocations=8 (full 0):
 garbage-first heap   total 129024K, used 40448K [0x00000000c0000000, 0x00000000c01003f0, 0x0000000100000000)
  region size 1024K, 10 young (10240K), 10 survivors (10240K)
 Metaspace       used 36376K, capacity 38536K, committed 38652K, reserved 1083392K
  class space    used 4038K, capacity 4816K, committed 4860K, reserved 1048576K
}
Event: 33.637 GC heap before
{Heap before GC invocations=8 (full 0):
 garbage-first heap   total 129024K, used 41472K [0x00000000c0000000, 0x00000000c01003f0, 0x0000000100000000)
  region size 1024K, 11 young (11264K), 10 survivors (10240K)
 Metaspace       used 36377K, capacity 38536K, committed 38652K, reserved 1083392K
  class space    used 4038K, capacity 4816K, committed 4860K, reserved 1048576K
Event: 33.650 GC heap after
Heap after GC invocations=9 (full 0):
 garbage-first heap   total 129024K, used 40960K [0x00000000c0000000, 0x00000000c01003f0, 0x0000000100000000)
  region size 1024K, 2 young (2048K), 2 survivors (2048K)
 Metaspace       used 36377K, capacity 38536K, committed 38652K, reserved 1083392K
  class space    used 4038K, capacity 4816K, committed 4860K, reserved 1048576K
}

